<?xml version="1.0" encoding="UTF-8"?>
<!-- Generated by org.testng.reporters.JUnitXMLReporter -->
<testsuite ignored="0" hostname="DESKTOP-CB7OD0T" failures="1" tests="1" name="FirefoxTest" time="67.234" errors="0" timestamp="2024-07-12T18:13:38 IST">
  <testcase classname="selenium.basics.CrossBrowserTest" name="Test" time="7.097">
    <failure type="java.lang.AssertionError" message="expected [true] but found [false]">
      <![CDATA[java.lang.AssertionError: expected [true] but found [false]
at selenium.basics.CrossBrowserTest.Test(CrossBrowserTest.java:41)
at java.base/java.util.ArrayList.forEach(ArrayList.java:1596)
... Removed 32 stack frames]]>
    </failure>
  </testcase> <!-- Test -->
</testsuite> <!-- FirefoxTest -->
